[main] com.sshetty.actraffic.manager.AcManagerQueue  INFO - There are 0 aircrafts in queue:
[main] com.sshetty.actraffic.manager.AcManagerQueue  INFO - There are 0 aircrafts in queue:
[09:39:29] [INFO ][com.sshetty.actraffic.manager.AcManagerQueue][80]- There are 0 aircrafts in queue:
[09:39:32] [INFO ][com.sshetty.actraffic.manager.AcManagerQueue][80]- There are 0 aircrafts in queue:
[09:40:08] [INFO ][com.sshetty.actraffic.manager.AcManagerQueue][80]- There are 1 aircrafts in queue:
[09:40:08] [INFO ][com.sshetty.actraffic.manager.AcManagerQueue][83]- AG2345 : A LARGE CARGO Aircraft added at 1404481195943
[09:42:39] [INFO ][com.sshetty.apps.actraffic.beans.AcManagerQueue][78]- There are 1 aircrafts in queue:
[09:42:39] [INFO ][com.sshetty.apps.actraffic.beans.AcManagerQueue][81]- AG2345 : A LARGE CARGO Aircraft added at 1404481195943
[09:42:42] [INFO ][com.sshetty.apps.actraffic.beans.AcManagerQueue][78]- There are 1 aircrafts in queue:
[09:42:42] [INFO ][com.sshetty.apps.actraffic.beans.AcManagerQueue][81]- AG2345 : A LARGE CARGO Aircraft added at 1404481195943
[12:23:21] [INFO ][com.sshetty.apps.actraffic.beans.AcManagerQueue][87]- Aircraft to be removed:dQjv06Q
[12:23:39] [INFO ][com.sshetty.apps.actraffic.beans.AcManagerQueue][87]- Aircraft to be removed:U7JvSaF
[12:31:51] [INFO ][com.sshetty.apps.actraffic.beans.AcManagerQueue][87]- Aircraft to be removed:K2LwfBI
[12:34:47] [INFO ][com.sshetty.apps.actraffic.beans.AcManagerQueue][87]- Aircraft to be removed:hJM09Kw
[12:37:56] [INFO ][com.sshetty.apps.actraffic.beans.AcManagerQueue][87]- Aircraft to be removed:fMr8sW0
[12:44:52] [INFO ][com.sshetty.apps.actraffic.beans.AcManagerQueue][87]- Aircraft to be removed:B0WJCnh
[12:46:58] [INFO ][com.sshetty.apps.actraffic.beans.AcManagerQueue][87]- Aircraft to be removed:OT3VfIM
[12:48:28] [INFO ][com.sshetty.apps.actraffic.beans.AcManagerQueue][87]- Aircraft to be removed:i9gKUy6
[12:50:25] [INFO ][com.sshetty.apps.actraffic.beans.AcManagerQueue][87]- Aircraft to be removed:205QXMx
[12:58:35] [INFO ][com.sshetty.apps.actraffic.beans.AcManagerQueue][87]- Aircraft to be removed:KxW2KkS
[13:00:21] [INFO ][com.sshetty.apps.actraffic.beans.AcManagerQueue][87]- Aircraft to be removed:1nyC1do
[13:03:46] [INFO ][com.sshetty.apps.actraffic.beans.AcManagerQueue][87]- Aircraft to be removed:6x1HnhK
[13:04:29] [INFO ][com.sshetty.apps.actraffic.beans.AcManagerQueue][87]- Aircraft to be removed:r9ejZQd
[13:07:30] [INFO ][com.sshetty.apps.actraffic.beans.AcManagerQueue][87]- Aircraft to be removed:JTBTiPF
